nohup: ignoring input

> Backend@1.0.0 start
> nodemon --exec babel-node src/server.js

[33m[nodemon] 2.0.7[39m
[33m[nodemon] to restart at any time, enter `rs`[39m
[33m[nodemon] watching path(s): *.*[39m
[33m[nodemon] watching extensions: js,mjs,json[39m
[32m[nodemon] starting `babel-node src/server.js`[39m
node:events:502
      throw er; // Unhandled 'error' event
      ^

Error: EBADF: bad file descriptor, read
Emitted 'error' event on ReadStream instance at:
    at emitErrorNT (node:internal/streams/destroy:170:8)
    at errorOrDestroy (node:internal/streams/destroy:239:7)
    at node:internal/fs/streams:272:9
    at FSReqCallback.wrapper [as oncomplete] (node:fs:671:5) {
  errno: -9,
  code: 'EBADF',
  syscall: 'read'
}

Node.js v22.12.0
undefined
backend nodejs is running on the port: 3001
Connection has been established successfully.
